# JRE version: Java(TM) SE Runtime Environment (8.0_191-b12) (build 1.8.0_191-b12)
# Java VM: Java HotSpot(TM) Client VM (25.191-b12 mixed mode windows-x86 )
Heap:
 def new generation   total 67776K, used 7417K [0x04e00000, 0x09780000, 0x0a350000)
  eden space 60288K,   1% used [0x04e00000, 0x04f13ef8, 0x088e0000)
  from space 7488K,  84% used [0x09030000, 0x0965a628, 0x09780000)
  to   space 7488K,   0% used [0x088e0000, 0x088e0000, 0x09030000)
 tenured generation   total 150408K, used 126680K [0x0a350000, 0x13632000, 0x14e00000)
   the space 150408K,  84% used [0x0a350000, 0x11f06168, 0x11f06200, 0x13632000)
 Metaspace       used 24954K, capacity 25822K, committed 25984K, reserved 25984K
GC Heap History (10 events):
Event: 8.883 GC heap before
{Heap before GC invocations=177 (full 8):
 def new generation   total 67776K, used 67078K [0x04e00000, 0x09780000, 0x0a350000)
  eden space 60288K, 100% used [0x04e00000, 0x088e0000, 0x088e0000)
  from space 7488K,  90% used [0x088e0000, 0x08f81ae8, 0x09030000)
  to   space 7488K,   0% used [0x09030000, 0x09030000, 0x09780000)
 tenured generation   total 150408K, used 102375K [0x0a350000, 0x13632000, 0x14e00000)
   the space 150408K,  68% used [0x0a350000, 0x10749ca8, 0x10749e00, 0x13632000)
 Metaspace       used 23672K, capacity 24569K, committed 24704K, reserved 24960K
Event: 8.891 GC heap after
Heap after GC invocations=178 (full 8):
 def new generation   total 67776K, used 7487K [0x04e00000, 0x09780000, 0x0a350000)
  eden space 60288K,   0% used [0x04e00000, 0x04e00000, 0x088e0000)
  from space 7488K,  99% used [0x09030000, 0x0977fff0, 0x09780000)
  to   space 7488K,   0% used [0x088e0000, 0x088e0000, 0x09030000)
 tenured generation   total 150408K, used 109481K [0x0a350000, 0x13632000, 0x14e00000)
   the space 150408K,  72% used [0x0a350000, 0x10e3a728, 0x10e3a800, 0x13632000)
 Metaspace       used 23672K, capacity 24569K, committed 24704K, reserved 24960K
}
Event: 9.058 GC heap before
{Heap before GC invocations=178 (full 8):
 def new generation   total 67776K, used 67775K [0x04e00000, 0x09780000, 0x0a350000)
  eden space 60288K, 100% used [0x04e00000, 0x088e0000, 0x088e0000)
  from space 7488K,  99% used [0x09030000, 0x0977fff0, 0x09780000)
  to   space 7488K,   0% used [0x088e0000, 0x088e0000, 0x09030000)
 tenured generation   total 150408K, used 109481K [0x0a350000, 0x13632000, 0x14e00000)
   the space 150408K,  72% used [0x0a350000, 0x10e3a728, 0x10e3a800, 0x13632000)
 Metaspace       used 23797K, capacity 24697K, committed 24832K, reserved 24960K
Event: 9.066 GC heap after
Heap after GC invocations=179 (full 8):
 def new generation   total 67776K, used 2618K [0x04e00000, 0x09780000, 0x0a350000)
  eden space 60288K,   0% used [0x04e00000, 0x04e00000, 0x088e0000)
  from space 7488K,  34% used [0x088e0000, 0x08b6ebf8, 0x09030000)
  to   space 7488K,   0% used [0x09030000, 0x09030000, 0x09780000)
 tenured generation   total 150408K, used 116958K [0x0a350000, 0x13632000, 0x14e00000)
   the space 150408K,  77% used [0x0a350000, 0x115879f0, 0x11587a00, 0x13632000)
 Metaspace       used 23797K, capacity 24697K, committed 24832K, reserved 24960K
}
Event: 9.160 GC heap before
{Heap before GC invocations=179 (full 8):
 def new generation   total 67776K, used 62207K [0x04e00000, 0x09780000, 0x0a350000)
  eden space 60288K,  98% used [0x04e00000, 0x088311b8, 0x088e0000)
  from space 7488K,  34% used [0x088e0000, 0x08b6ebf8, 0x09030000)
  to   space 7488K,   0% used [0x09030000, 0x09030000, 0x09780000)
 tenured generation   total 150408K, used 116958K [0x0a350000, 0x13632000, 0x14e00000)
   the space 150408K,  77% used [0x0a350000, 0x115879f0, 0x11587a00, 0x13632000)
 Metaspace       used 23858K, capacity 24761K, committed 24832K, reserved 24960K
Event: 9.164 GC heap after
Heap after GC invocations=180 (full 8):
 def new generation   total 67776K, used 6924K [0x04e00000, 0x09780000, 0x0a350000)
  eden space 60288K,   0% used [0x04e00000, 0x04e00000, 0x088e0000)
  from space 7488K,  92% used [0x09030000, 0x096f3080, 0x09780000)
  to   space 7488K,   0% used [0x088e0000, 0x088e0000, 0x09030000)
 tenured generation   total 150408K, used 116958K [0x0a350000, 0x13632000, 0x14e00000)
   the space 150408K,  77% used [0x0a350000, 0x115879f0, 0x11587a00, 0x13632000)
 Metaspace       used 23858K, capacity 24761K, committed 24832K, reserved 24960K
}
Event: 14.614 GC heap before
{Heap before GC invocations=180 (full 8):
 def new generation   total 67776K, used 67212K [0x04e00000, 0x09780000, 0x0a350000)
  eden space 60288K, 100% used [0x04e00000, 0x088e0000, 0x088e0000)
  from space 7488K,  92% used [0x09030000, 0x096f3080, 0x09780000)
  to   space 7488K,   0% used [0x088e0000, 0x088e0000, 0x09030000)
 tenured generation   total 150408K, used 116958K [0x0a350000, 0x13632000, 0x14e00000)
   the space 150408K,  77% used [0x0a350000, 0x115879f0, 0x11587a00, 0x13632000)
 Metaspace       used 24722K, capacity 25598K, committed 25728K, reserved 25984K
Event: 14.625 GC heap after
Heap after GC invocations=181 (full 8):
 def new generation   total 67776K, used 7488K [0x04e00000, 0x09780000, 0x0a350000)
  eden space 60288K,   0% used [0x04e00000, 0x04e00000, 0x088e0000)
  from space 7488K, 100% used [0x088e0000, 0x09030000, 0x09030000)
  to   space 7488K,   0% used [0x09030000, 0x09030000, 0x09780000)
 tenured generation   total 150408K, used 124048K [0x0a350000, 0x13632000, 0x14e00000)
   the space 150408K,  82% used [0x0a350000, 0x11c740a8, 0x11c74200, 0x13632000)
 Metaspace       used 24722K, capacity 25598K, committed 25728K, reserved 25984K
}
Event: 151.206 GC heap before
{Heap before GC invocations=181 (full 8):
 def new generation   total 67776K, used 67776K [0x04e00000, 0x09780000, 0x0a350000)
  eden space 60288K, 100% used [0x04e00000, 0x088e0000, 0x088e0000)
  from space 7488K, 100% used [0x088e0000, 0x09030000, 0x09030000)
  to   space 7488K,   0% used [0x09030000, 0x09030000, 0x09780000)
 tenured generation   total 150408K, used 124048K [0x0a350000, 0x13632000, 0x14e00000)
   the space 150408K,  82% used [0x0a350000, 0x11c740a8, 0x11c74200, 0x13632000)
 Metaspace       used 24951K, capacity 25822K, committed 25984K, reserved 25984K
Event: 151.215 GC heap after
Heap after GC invocations=182 (full 8):
 def new generation   total 67776K, used 6313K [0x04e00000, 0x09780000, 0x0a350000)
  eden space 60288K,   0% used [0x04e00000, 0x04e00000, 0x088e0000)
  from space 7488K,  84% used [0x09030000, 0x0965a628, 0x09780000)
  to   space 7488K,   0% used [0x088e0000, 0x088e0000, 0x09030000)
 tenured generation   total 150408K, used 126680K [0x0a350000, 0x13632000, 0x14e00000)
   the space 150408K,  84% used [0x0a350000, 0x11f06168, 0x11f06200, 0x13632000)
 Metaspace       used 24951K, capacity 25822K, committed 25984K, reserved 25984K
}

